# JRE version: OpenJDK Runtime Environment (8.0_242-b01) (build 1.8.0_242-release-1644-b01)
# Java VM: OpenJDK 64-Bit Server VM (25.242-b01 mixed mode windows-amd64 compressed oops)
Heap:
 PSYoungGen      total 494080K, used 446333K [0x00000000d5580000, 0x00000000f8080000, 0x0000000100000000)
  eden space 444416K, 97% used [0x00000000d5580000,0x00000000efc1f658,0x00000000f0780000)
  from space 49664K, 27% used [0x00000000f5000000,0x00000000f5d65168,0x00000000f8080000)
  to   space 61952K, 0% used [0x00000000f0780000,0x00000000f0780000,0x00000000f4400000)
 ParOldGen       total 169472K, used 124518K [0x0000000080000000, 0x000000008a580000, 0x00000000d5580000)
  object space 169472K, 73% used [0x0000000080000000,0x00000000879998a8,0x000000008a580000)
 Metaspace       used 91548K, capacity 97580K, committed 97880K, reserved 1134592K
  class space    used 12065K, capacity 13102K, committed 13184K, reserved 1048576K
GC Heap History (10 events):
Event: 442.234 GC heap before
{Heap before GC invocations=20 (full 4):
 PSYoungGen      total 381952K, used 12217K [0x00000000d5580000, 0x00000000ef380000, 0x0000000100000000)
  eden space 360448K, 0% used [0x00000000d5580000,0x00000000d5580000,0x00000000eb580000)
  from space 21504K, 56% used [0x00000000ede80000,0x00000000eea6e5f8,0x00000000ef380000)
  to   space 31744K, 0% used [0x00000000eb580000,0x00000000eb580000,0x00000000ed480000)
 ParOldGen       total 100864K, used 81941K [0x0000000080000000, 0x0000000086280000, 0x00000000d5580000)
  object space 100864K, 81% used [0x0000000080000000,0x0000000085005620,0x0000000086280000)
 Metaspace       used 88001K, capacity 92884K, committed 93272K, reserved 1130496K
  class space    used 11880K, capacity 12818K, committed 12928K, reserved 1048576K
Event: 443.913 GC heap after
Heap after GC invocations=20 (full 4):
 PSYoungGen      total 381952K, used 0K [0x00000000d5580000, 0x00000000ef380000, 0x0000000100000000)
  eden space 360448K, 0% used [0x00000000d5580000,0x00000000d5580000,0x00000000eb580000)
  from space 21504K, 0% used [0x00000000ede80000,0x00000000ede80000,0x00000000ef380000)
  to   space 31744K, 0% used [0x00000000eb580000,0x00000000eb580000,0x00000000ed480000)
 ParOldGen       total 169472K, used 66531K [0x0000000080000000, 0x000000008a580000, 0x00000000d5580000)
  object space 169472K, 39% used [0x0000000080000000,0x00000000840f8f68,0x000000008a580000)
 Metaspace       used 87733K, capacity 92130K, committed 93272K, reserved 1130496K
  class space    used 11792K, capacity 12663K, committed 12928K, reserved 1048576K
}
Event: 522.076 GC heap before
{Heap before GC invocations=21 (full 4):
 PSYoungGen      total 381952K, used 360448K [0x00000000d5580000, 0x00000000ef380000, 0x0000000100000000)
  eden space 360448K, 100% used [0x00000000d5580000,0x00000000eb580000,0x00000000eb580000)
  from space 21504K, 0% used [0x00000000ede80000,0x00000000ede80000,0x00000000ef380000)
  to   space 31744K, 0% used [0x00000000eb580000,0x00000000eb580000,0x00000000ed480000)
 ParOldGen       total 169472K, used 66531K [0x0000000080000000, 0x000000008a580000, 0x00000000d5580000)
  object space 169472K, 39% used [0x0000000080000000,0x00000000840f8f68,0x000000008a580000)
 Metaspace       used 88778K, capacity 93252K, committed 94040K, reserved 1130496K
  class space    used 11846K, capacity 12706K, committed 12928K, reserved 1048576K
Event: 522.393 GC heap after
Heap after GC invocations=21 (full 4):
 PSYoungGen      total 392192K, used 31739K [0x00000000d5580000, 0x00000000f5180000, 0x0000000100000000)
  eden space 360448K, 0% used [0x00000000d5580000,0x00000000d5580000,0x00000000eb580000)
  from space 31744K, 99% used [0x00000000eb580000,0x00000000ed47efd8,0x00000000ed480000)
  to   space 49664K, 0% used [0x00000000f2100000,0x00000000f2100000,0x00000000f5180000)
 ParOldGen       total 169472K, used 101233K [0x0000000080000000, 0x000000008a580000, 0x00000000d5580000)
  object space 169472K, 59% used [0x0000000080000000,0x00000000862dc730,0x000000008a580000)
 Metaspace       used 88778K, capacity 93252K, committed 94040K, reserved 1130496K
  class space    used 11846K, capacity 12706K, committed 12928K, reserved 1048576K
}
Event: 593.489 GC heap before
{Heap before GC invocations=22 (full 4):
 PSYoungGen      total 392192K, used 392187K [0x00000000d5580000, 0x00000000f5180000, 0x0000000100000000)
  eden space 360448K, 100% used [0x00000000d5580000,0x00000000eb580000,0x00000000eb580000)
  from space 31744K, 99% used [0x00000000eb580000,0x00000000ed47efd8,0x00000000ed480000)
  to   space 49664K, 0% used [0x00000000f2100000,0x00000000f2100000,0x00000000f5180000)
 ParOldGen       total 169472K, used 101233K [0x0000000080000000, 0x000000008a580000, 0x00000000d5580000)
  object space 169472K, 59% used [0x0000000080000000,0x00000000862dc730,0x000000008a580000)
 Metaspace       used 89506K, capacity 94232K, committed 94552K, reserved 1130496K
  class space    used 11876K, capacity 12760K, committed 12928K, reserved 1048576K
Event: 593.800 GC heap after
Heap after GC invocations=22 (full 4):
 PSYoungGen      total 454144K, used 49632K [0x00000000d5580000, 0x00000000f6a00000, 0x0000000100000000)
  eden space 404480K, 0% used [0x00000000d5580000,0x00000000d5580000,0x00000000ee080000)
  from space 49664K, 99% used [0x00000000f2100000,0x00000000f5178210,0x00000000f5180000)
  to   space 66048K, 0% used [0x00000000ee080000,0x00000000ee080000,0x00000000f2100000)
 ParOldGen       total 169472K, used 122544K [0x0000000080000000, 0x000000008a580000, 0x00000000d5580000)
  object space 169472K, 72% used [0x0000000080000000,0x00000000877ac3f8,0x000000008a580000)
 Metaspace       used 89506K, capacity 94232K, committed 94552K, reserved 1130496K
  class space    used 11876K, capacity 12760K, committed 12928K, reserved 1048576K
}
Event: 959.032 GC heap before
{Heap before GC invocations=23 (full 4):
 PSYoungGen      total 454144K, used 454112K [0x00000000d5580000, 0x00000000f6a00000, 0x0000000100000000)
  eden space 404480K, 100% used [0x00000000d5580000,0x00000000ee080000,0x00000000ee080000)
  from space 49664K, 99% used [0x00000000f2100000,0x00000000f5178210,0x00000000f5180000)
  to   space 66048K, 0% used [0x00000000ee080000,0x00000000ee080000,0x00000000f2100000)
 ParOldGen       total 169472K, used 122544K [0x0000000080000000, 0x000000008a580000, 0x00000000d5580000)
  object space 169472K, 72% used [0x0000000080000000,0x00000000877ac3f8,0x000000008a580000)
 Metaspace       used 90209K, capacity 95222K, committed 95320K, reserved 1132544K
  class space    used 11923K, capacity 12847K, committed 12928K, reserved 1048576K
Event: 959.123 GC heap after
Heap after GC invocations=23 (full 4):
 PSYoungGen      total 470528K, used 6376K [0x00000000d5580000, 0x00000000f8f80000, 0x0000000100000000)
  eden space 404480K, 0% used [0x00000000d5580000,0x00000000d5580000,0x00000000ee080000)
  from space 66048K, 9% used [0x00000000ee080000,0x00000000ee6ba2b0,0x00000000f2100000)
  to   space 65024K, 0% used [0x00000000f5000000,0x00000000f5000000,0x00000000f8f80000)
 ParOldGen       total 169472K, used 124510K [0x0000000080000000, 0x000000008a580000, 0x00000000d5580000)
  object space 169472K, 73% used [0x0000000080000000,0x00000000879978a8,0x000000008a580000)
 Metaspace       used 90209K, capacity 95222K, committed 95320K, reserved 1132544K
  class space    used 11923K, capacity 12847K, committed 12928K, reserved 1048576K
}
Event: 2033.929 GC heap before
{Heap before GC invocations=24 (full 4):
 PSYoungGen      total 470528K, used 410856K [0x00000000d5580000, 0x00000000f8f80000, 0x0000000100000000)
  eden space 404480K, 100% used [0x00000000d5580000,0x00000000ee080000,0x00000000ee080000)
  from space 66048K, 9% used [0x00000000ee080000,0x00000000ee6ba2b0,0x00000000f2100000)
  to   space 65024K, 0% used [0x00000000f5000000,0x00000000f5000000,0x00000000f8f80000)
 ParOldGen       total 169472K, used 124510K [0x0000000080000000, 0x000000008a580000, 0x00000000d5580000)
  object space 169472K, 73% used [0x0000000080000000,0x00000000879978a8,0x000000008a580000)
 Metaspace       used 90695K, capacity 95798K, committed 96088K, reserved 1132544K
  class space    used 11933K, capacity 12865K, committed 12928K, reserved 1048576K
Event: 2034.262 GC heap after
Heap after GC invocations=24 (full 4):
 PSYoungGen      total 494080K, used 13716K [0x00000000d5580000, 0x00000000f8080000, 0x0000000100000000)
  eden space 444416K, 0% used [0x00000000d5580000,0x00000000d5580000,0x00000000f0780000)
  from space 49664K, 27% used [0x00000000f5000000,0x00000000f5d65168,0x00000000f8080000)
  to   space 61952K, 0% used [0x00000000f0780000,0x00000000f0780000,0x00000000f4400000)
 ParOldGen       total 169472K, used 124518K [0x0000000080000000, 0x000000008a580000, 0x00000000d5580000)
  object space 169472K, 73% used [0x0000000080000000,0x00000000879998a8,0x000000008a580000)
 Metaspace       used 90695K, capacity 95798K, committed 96088K, reserved 1132544K
  class space    used 11933K, capacity 12865K, committed 12928K, reserved 1048576K
}

